<?xml version="1.0" encoding="UTF-8"?>
<!-- Generated by org.testng.reporters.JUnitReportReporter -->
<testsuite skipped="0" hostname="MSI" name="org.suite.CSuite" tests="3" failures="0" timestamp="08 Jan 2021 18:58:46 GMT" time="21.629" errors="0">
  <testcase name="tc2" time="8.661" classname="org.suite.CSuite"/>
  <testcase name="tc3" time="11.655" classname="org.suite.CSuite"/>
  <testcase name="tc4" time="1.313" classname="org.suite.CSuite"/>
</testsuite> <!-- org.suite.CSuite -->
