<?xml version="1.0" encoding="UTF-8"?>
<!-- Generated by org.testng.reporters.JUnitReportReporter -->
<testsuite skipped="0" hostname="MSI" name="org.suite.BSuite" tests="6" failures="0" timestamp="06 Jan 2021 07:32:05 GMT" time="142.059" errors="0">
  <testcase name="tc2" time="10.496" classname="org.suite.BSuite"/>
  <testcase name="tc2" time="10.135" classname="org.suite.BSuite"/>
  <testcase name="tc2" time="13.904" classname="org.suite.BSuite"/>
  <testcase name="tc2" time="36.042" classname="org.suite.BSuite"/>
  <testcase name="tc2" time="43.137" classname="org.suite.BSuite"/>
  <testcase name="tc2" time="28.345" classname="org.suite.BSuite"/>
</testsuite> <!-- org.suite.BSuite -->
