<?xml version="1.0" encoding="UTF-8"?>
<!-- Generated by org.testng.reporters.JUnitReportReporter -->
<testsuite skipped="0" hostname="MSI" name="org.suite.DSuite" tests="1" failures="0" timestamp="06 Jan 2021 08:06:07 GMT" time="0.004" errors="0">
  <testcase name="tc22" time="0.004" classname="org.suite.DSuite"/>
</testsuite> <!-- org.suite.DSuite -->
