<?xml version="1.0" encoding="UTF-8"?>
<!-- Generated by org.testng.reporters.JUnitReportReporter -->
<testsuite skipped="0" hostname="MSI" name="org.suite.ESuite" tests="2" failures="0" timestamp="11 Jan 2021 15:09:06 GMT" time="11.454" errors="0">
  <testcase name="tc3" time="2.004" classname="org.suite.ESuite"/>
  <testcase name="tc2" time="9.450" classname="org.suite.ESuite"/>
</testsuite> <!-- org.suite.ESuite -->
